<?xml version="1.0" encoding="UTF-8" ?>
<testsuite tests="11" failures="0" name="com.kumkee.userAgent.UserAgentParserTest" time="0.018" errors="0" skipped="1">
  <properties>
    <property name="java.runtime.name" value="Java(TM) SE Runtime Environment"/>
    <property name="sun.boot.library.path" value="/Library/Java/JavaVirtualMachines/jdk1.8.0_161.jdk/Contents/Home/jre/lib"/>
    <property name="java.vm.version" value="25.161-b12"/>
    <property name="gopherProxySet" value="false"/>
    <property name="java.vm.vendor" value="Oracle Corporation"/>
    <property name="maven.multiModuleProjectDirectory" value="/Users/duanjiaxing/IdeaProjects/UserAgentParser"/>
    <property name="java.vendor.url" value="http://java.oracle.com/"/>
    <property name="path.separator" value=":"/>
    <property name="guice.disable.misplaced.annotation.check" value="true"/>
    <property name="java.vm.name" value="Java HotSpot(TM) 64-Bit Server VM"/>
    <property name="file.encoding.pkg" value="sun.io"/>
    <property name="user.country" value="CN"/>
    <property name="sun.java.launcher" value="SUN_STANDARD"/>
    <property name="sun.os.patch.level" value="unknown"/>
    <property name="java.vm.specification.name" value="Java Virtual Machine Specification"/>
    <property name="user.dir" value="/Users/duanjiaxing/IdeaProjects/UserAgentParser"/>
    <property name="java.runtime.version" value="1.8.0_161-b12"/>
    <property name="java.awt.graphicsenv" value="sun.awt.CGraphicsEnvironment"/>
    <property name="java.endorsed.dirs" value="/Library/Java/JavaVirtualMachines/jdk1.8.0_161.jdk/Contents/Home/jre/lib/endorsed"/>
    <property name="os.arch" value="x86_64"/>
    <property name="java.io.tmpdir" value="/var/folders/p8/x91w8r2n56n1_x692hws0ngc0000gn/T/"/>
    <property name="line.separator" value="
"/>
    <property name="socksProxyPort" value="1080"/>
    <property name="java.vm.specification.vendor" value="Oracle Corporation"/>
    <property name="os.name" value="Mac OS X"/>
    <property name="classworlds.conf" value="/Users/duanjiaxing/app/apache-maven-3.3.9/bin/m2.conf"/>
    <property name="sun.jnu.encoding" value="UTF-8"/>
    <property name="java.library.path" value="/Users/duanjiaxing/Library/Java/Extensions:/Library/Java/Extensions:/Network/Library/Java/Extensions:/System/Library/Java/Extensions:/usr/lib/java:."/>
    <property name="java.specification.name" value="Java Platform API Specification"/>
    <property name="java.class.version" value="52.0"/>
    <property name="sun.management.compiler" value="HotSpot 64-Bit Tiered Compilers"/>
    <property name="os.version" value="10.13.3"/>
    <property name="http.nonProxyHosts" value="127.0.0.1| 192.168.0.0/16|*. 192.168.0.0/16| 172.16.0.0/12|*. 172.16.0.0/12| 10.0.0.0/8|*. 10.0.0.0/8| localhost|*. localhost"/>
    <property name="user.home" value="/Users/duanjiaxing"/>
    <property name="user.timezone" value="Asia/Shanghai"/>
    <property name="java.awt.printerjob" value="sun.lwawt.macosx.CPrinterJob"/>
    <property name="java.specification.version" value="1.8"/>
    <property name="file.encoding" value="UTF-8"/>
    <property name="user.name" value="duanjiaxing"/>
    <property name="java.class.path" value="/Users/duanjiaxing/app/apache-maven-3.3.9/boot/plexus-classworlds-2.5.2.jar"/>
    <property name="socksProxyHost" value="127.0.0.1"/>
    <property name="java.vm.specification.version" value="1.8"/>
    <property name="sun.arch.data.model" value="64"/>
    <property name="java.home" value="/Library/Java/JavaVirtualMachines/jdk1.8.0_161.jdk/Contents/Home/jre"/>
    <property name="sun.java.command" value="org.codehaus.plexus.classworlds.launcher.Launcher clean install -DskipTest"/>
    <property name="java.specification.vendor" value="Oracle Corporation"/>
    <property name="user.language" value="zh"/>
    <property name="awt.toolkit" value="sun.lwawt.macosx.LWCToolkit"/>
    <property name="java.vm.info" value="mixed mode"/>
    <property name="java.version" value="1.8.0_161"/>
    <property name="java.ext.dirs" value="/Users/duanjiaxing/Library/Java/Extensions:/Library/Java/JavaVirtualMachines/jdk1.8.0_161.jdk/Contents/Home/jre/lib/ext:/Library/Java/Extensions:/Network/Library/Java/Extensions:/System/Library/Java/Extensions:/usr/lib/java"/>
    <property name="sun.boot.class.path" value="/Library/Java/JavaVirtualMachines/jdk1.8.0_161.jdk/Contents/Home/jre/lib/resources.jar:/Library/Java/JavaVirtualMachines/jdk1.8.0_161.jdk/Contents/Home/jre/lib/rt.jar:/Library/Java/JavaVirtualMachines/jdk1.8.0_161.jdk/Contents/Home/jre/lib/sunrsasign.jar:/Library/Java/JavaVirtualMachines/jdk1.8.0_161.jdk/Contents/Home/jre/lib/jsse.jar:/Library/Java/JavaVirtualMachines/jdk1.8.0_161.jdk/Contents/Home/jre/lib/jce.jar:/Library/Java/JavaVirtualMachines/jdk1.8.0_161.jdk/Contents/Home/jre/lib/charsets.jar:/Library/Java/JavaVirtualMachines/jdk1.8.0_161.jdk/Contents/Home/jre/lib/jfr.jar:/Library/Java/JavaVirtualMachines/jdk1.8.0_161.jdk/Contents/Home/jre/classes"/>
    <property name="java.vendor" value="Oracle Corporation"/>
    <property name="skipTest" value="true"/>
    <property name="maven.home" value="/Users/duanjiaxing/app/apache-maven-3.3.9"/>
    <property name="file.separator" value="/"/>
    <property name="java.vendor.url.bug" value="http://bugreport.sun.com/bugreport/"/>
    <property name="sun.cpu.endian" value="little"/>
    <property name="sun.io.unicode.encoding" value="UnicodeBig"/>
    <property name="socksNonProxyHosts" value="127.0.0.1| 192.168.0.0/16|*. 192.168.0.0/16| 172.16.0.0/12|*. 172.16.0.0/12| 10.0.0.0/8|*. 10.0.0.0/8| localhost|*. localhost"/>
    <property name="ftp.nonProxyHosts" value="127.0.0.1| 192.168.0.0/16|*. 192.168.0.0/16| 172.16.0.0/12|*. 172.16.0.0/12| 10.0.0.0/8|*. 10.0.0.0/8| localhost|*. localhost"/>
    <property name="sun.cpu.isalist" value=""/>
  </properties>
  <testcase classname="com.kumkee.userAgent.UserAgentParserTest" name="testBrowserName_firefox" time="0.008"/>
  <testcase classname="com.kumkee.userAgent.UserAgentParserTest" name="testBrowserName_apacheHttpClient" time="0"/>
  <testcase classname="com.kumkee.userAgent.UserAgentParserTest" name="testBrowserVersion_firefox" time="0"/>
  <testcase classname="com.kumkee.userAgent.UserAgentParserTest" name="testBrowserVersion_apacheHttpClient" time="0.001"/>
  <testcase classname="com.kumkee.userAgent.UserAgentParserTest" name="testBrowserVersion_konqueror" time="0"/>
  <testcase classname="com.kumkee.userAgent.UserAgentParserTest" name="testOS_windowsxp" time="0.002"/>
  <testcase classname="com.kumkee.userAgent.UserAgentParserTest" name="testOS_osx" time="0.002"/>
  <testcase classname="com.kumkee.userAgent.UserAgentParserTest" name="testOS_java" time="0.001"/>
  <testcase classname="com.kumkee.userAgent.UserAgentParserTest" name="testOS_darwin" time="0"/>
  <testcase classname="com.kumkee.userAgent.UserAgentParserTest" name="testEngineVersion_KHTML" time="0.001"/>
  <testcase classname="com.kumkee.userAgent.UserAgentParserTest" name="testEngineVersion_Konqueror" time="0.003">
    <skipped/>
  </testcase>
</testsuite>